<?xml version="1.0" encoding="UTF-8"?>
<coverage generated="1522619760">
  <project timestamp="1522619760">
    <package name="Seeren\Container\Cache">
      <file name="C:\xampp\htdocs\dev-master.seeren\container\src/Cache/CacheContainer.php">
        <class name="Seeren\Container\Cache\CacheContainer" namespace="Seeren\Container\Cache" fullPackage="Container.Cache" category="Seeren" package="Container" subpackage="Cache">
          <metrics complexity="8" methods="5" coveredmethods="5" conditionals="0" coveredconditionals="0" statements="18" coveredstatements="18" elements="23" coveredelements="23"/>
        </class>
        <line num="43" type="method" name="__construct" visibility="public" complexity="1" crap="1" count="19"/>
        <line num="45" type="stmt" count="19"/>
        <line num="46" type="stmt" count="19"/>
        <line num="52" type="method" name="get" visibility="public" complexity="4" crap="4" count="11"/>
        <line num="54" type="stmt" count="11"/>
        <line num="55" type="stmt" count="4"/>
        <line num="56" type="stmt" count="4"/>
        <line num="57" type="stmt" count="8"/>
        <line num="58" type="stmt" count="2"/>
        <line num="59" type="stmt" count="2"/>
        <line num="61" type="stmt" count="2"/>
        <line num="62" type="stmt" count="1"/>
        <line num="63" type="stmt" count="1"/>
        <line num="64" type="stmt" count="1"/>
        <line num="67" type="stmt" count="7"/>
        <line num="74" type="method" name="has" visibility="public" complexity="1" crap="1" count="16"/>
        <line num="76" type="stmt" count="16"/>
        <line num="83" type="method" name="set" visibility="public" complexity="1" crap="1" count="13"/>
        <line num="85" type="stmt" count="13"/>
        <line num="86" type="stmt" count="13"/>
        <line num="93" type="method" name="register" visibility="public" complexity="1" crap="1" count="2"/>
        <line num="95" type="stmt" count="2"/>
        <line num="96" type="stmt" count="2"/>
        <metrics loc="99" ncloc="58" classes="1" methods="5" coveredmethods="5" conditionals="0" coveredconditionals="0" statements="18" coveredstatements="18" elements="23" coveredelements="23"/>
      </file>
    </package>
    <file name="C:\xampp\htdocs\dev-master.seeren\container\src/Cache/CacheInterface.php">
      <metrics loc="46" ncloc="15" classes="0" methods="0" coveredmethods="0" conditionals="0" coveredconditionals="0" statements="0" coveredstatements="0" elements="0" coveredelements="0"/>
    </file>
    <package name="Seeren\Container">
      <file name="C:\xampp\htdocs\dev-master.seeren\container\src/Container.php">
        <class name="Seeren\Container\Container" namespace="Seeren\Container" fullPackage="Container" category="Seeren" package="Container">
          <metrics complexity="11" methods="6" coveredmethods="6" conditionals="0" coveredconditionals="0" statements="20" coveredstatements="20" elements="26" coveredelements="26"/>
        </class>
        <line num="48" type="method" name="__construct" visibility="public" complexity="1" crap="1" count="9"/>
        <line num="50" type="stmt" count="9"/>
        <line num="51" type="stmt" count="9"/>
        <line num="52" type="stmt" count="9"/>
        <line num="58" type="method" name="get" visibility="public" complexity="4" crap="4" count="3"/>
        <line num="61" type="stmt" count="3"/>
        <line num="62" type="stmt" count="3"/>
        <line num="64" type="stmt" count="3"/>
        <line num="65" type="stmt" count="2"/>
        <line num="66" type="stmt" count="1"/>
        <line num="67" type="stmt" count="1"/>
        <line num="68" type="stmt" count="1"/>
        <line num="71" type="stmt" count="1"/>
        <line num="72" type="stmt" count="1"/>
        <line num="79" type="method" name="has" visibility="public" complexity="1" crap="1" count="2"/>
        <line num="81" type="stmt" count="2"/>
        <line num="88" type="method" name="resolve" visibility="public" complexity="3" crap="3" count="3"/>
        <line num="91" type="stmt" count="3"/>
        <line num="92" type="stmt" count="2"/>
        <line num="93" type="stmt" count="1"/>
        <line num="94" type="stmt" count="1"/>
        <line num="95" type="stmt" count="1"/>
        <line num="103" type="method" name="set" visibility="public" complexity="1" crap="1" count="1"/>
        <line num="105" type="stmt" count="1"/>
        <line num="112" type="method" name="register" visibility="public" complexity="1" crap="1" count="1"/>
        <line num="114" type="stmt" count="1"/>
        <metrics loc="117" ncloc="69" classes="1" methods="6" coveredmethods="6" conditionals="0" coveredconditionals="0" statements="20" coveredstatements="20" elements="26" coveredelements="26"/>
      </file>
    </package>
    <package name="Seeren\Container\Exception">
      <file name="C:\xampp\htdocs\dev-master.seeren\container\src/Exception/ContainerException.php">
        <class name="Seeren\Container\Exception\ContainerException" namespace="Seeren\Container\Exception" fullPackage="Container.Exception" category="Seeren" package="Container" subpackage="Exception">
          <metrics complexity="1" methods="1" coveredmethods="1" conditionals="0" coveredconditionals="0" statements="2" coveredstatements="2" elements="3" coveredelements="3"/>
        </class>
        <line num="35" type="method" name="__construct" visibility="public" complexity="1" crap="1" count="10"/>
        <line num="37" type="stmt" count="10"/>
        <line num="38" type="stmt" count="10"/>
        <metrics loc="40" ncloc="17" classes="1" methods="1" coveredmethods="1" conditionals="0" coveredconditionals="0" statements="2" coveredstatements="2" elements="3" coveredelements="3"/>
      </file>
      <file name="C:\xampp\htdocs\dev-master.seeren\container\src/Exception/NotFoundException.php">
        <class name="Seeren\Container\Exception\NotFoundException" namespace="Seeren\Container\Exception" fullPackage="Container.Exception" category="Seeren" package="Container" subpackage="Exception">
          <metrics complexity="1" methods="1" coveredmethods="1" conditionals="0" coveredconditionals="0" statements="2" coveredstatements="2" elements="3" coveredelements="3"/>
        </class>
        <line num="35" type="method" name="__construct" visibility="public" complexity="1" crap="1" count="10"/>
        <line num="37" type="stmt" count="10"/>
        <line num="38" type="stmt" count="10"/>
        <metrics loc="40" ncloc="17" classes="1" methods="1" coveredmethods="1" conditionals="0" coveredconditionals="0" statements="2" coveredstatements="2" elements="3" coveredelements="3"/>
      </file>
    </package>
    <package name="Seeren\Container\Resolver\Constructor">
      <file name="C:\xampp\htdocs\dev-master.seeren\container\src/Resolver/Constructor/AbstractResolver.php">
        <class name="Seeren\Container\Resolver\Constructor\AbstractResolver" namespace="Seeren\Container\Resolver\Constructor" fullPackage="Container.Resolver" category="Seeren" package="Container" subpackage="Resolver">
          <metrics complexity="12" methods="2" coveredmethods="2" conditionals="0" coveredconditionals="0" statements="25" coveredstatements="25" elements="27" coveredelements="27"/>
        </class>
        <line num="57" type="method" name="getReflection" visibility="protected" complexity="3" crap="3" count="30"/>
        <line num="60" type="stmt" count="30"/>
        <line num="61" type="stmt" count="7"/>
        <line num="62" type="stmt" count="7"/>
        <line num="63" type="stmt" count="7"/>
        <line num="65" type="stmt" count="24"/>
        <line num="66" type="stmt" count="2"/>
        <line num="67" type="stmt" count="2"/>
        <line num="69" type="stmt" count="22"/>
        <line num="76" type="method" name="resolve" visibility="public" complexity="8" crap="8" count="30"/>
        <line num="79" type="stmt" count="30"/>
        <line num="80" type="stmt" count="2"/>
        <line num="82" type="stmt" count="30"/>
        <line num="83" type="stmt" count="22"/>
        <line num="84" type="stmt" count="22"/>
        <line num="85" type="stmt" count="22"/>
        <line num="86" type="stmt" count="7"/>
        <line num="89" type="stmt" count="21"/>
        <line num="90" type="stmt" count="14"/>
        <line num="91" type="stmt" count="5"/>
        <line num="93" type="stmt" count="14"/>
        <line num="94" type="stmt" count="16"/>
        <line num="95" type="stmt" count="7"/>
        <line num="96" type="stmt" count="7"/>
        <line num="97" type="stmt" count="9"/>
        <line num="98" type="stmt" count="9"/>
        <line num="99" type="stmt" count="9"/>
        <metrics loc="103" ncloc="61" classes="1" methods="2" coveredmethods="2" conditionals="0" coveredconditionals="0" statements="25" coveredstatements="25" elements="27" coveredelements="27"/>
      </file>
      <file name="C:\xampp\htdocs\dev-master.seeren\container\src/Resolver/Constructor/DocumentationResolver.php">
        <class name="Seeren\Container\Resolver\Constructor\DocumentationResolver" namespace="Seeren\Container\Resolver\Constructor" fullPackage="Container.Resolver" category="Seeren" package="Container" subpackage="Resolver">
          <metrics complexity="2" methods="1" coveredmethods="1" conditionals="0" coveredconditionals="0" statements="12" coveredstatements="12" elements="13" coveredelements="13"/>
        </class>
        <line num="36" type="method" name="getArg" visibility="protected" complexity="2" crap="2" count="5"/>
        <line num="38" type="stmt" count="5"/>
        <line num="39" type="stmt" count="5"/>
        <line num="40" type="stmt" count="5"/>
        <line num="41" type="stmt" count="5"/>
        <line num="42" type="stmt" count="5"/>
        <line num="43" type="stmt" count="5"/>
        <line num="44" type="stmt" count="5"/>
        <line num="45" type="stmt" count="5"/>
        <line num="46" type="stmt" count="5"/>
        <line num="47" type="stmt" count="5"/>
        <line num="48" type="stmt" count="4"/>
        <line num="50" type="stmt" count="1"/>
        <metrics loc="52" ncloc="30" classes="1" methods="1" coveredmethods="1" conditionals="0" coveredconditionals="0" statements="12" coveredstatements="12" elements="13" coveredelements="13"/>
      </file>
      <file name="C:\xampp\htdocs\dev-master.seeren\container\src/Resolver/Constructor/TypeHintingResolver.php">
        <class name="Seeren\Container\Resolver\Constructor\TypeHintingResolver" namespace="Seeren\Container\Resolver\Constructor" fullPackage="Container.Resolver" category="Seeren" package="Container" subpackage="Resolver">
          <metrics complexity="4" methods="1" coveredmethods="1" conditionals="0" coveredconditionals="0" statements="4" coveredstatements="4" elements="5" coveredelements="5"/>
        </class>
        <line num="35" type="method" name="getArg" visibility="protected" complexity="4" crap="4" count="2"/>
        <line num="37" type="stmt" count="2"/>
        <line num="38" type="stmt" count="2"/>
        <line num="39" type="stmt" count="2"/>
        <line num="40" type="stmt" count="2"/>
        <metrics loc="43" ncloc="21" classes="1" methods="1" coveredmethods="1" conditionals="0" coveredconditionals="0" statements="4" coveredstatements="4" elements="5" coveredelements="5"/>
      </file>
    </package>
    <package name="Seeren\Container\Resolver">
      <file name="C:\xampp\htdocs\dev-master.seeren\container\src/Resolver/ResolverContainer.php">
        <class name="Seeren\Container\Resolver\ResolverContainer" namespace="Seeren\Container\Resolver" fullPackage="Container.Resolver" category="Seeren" package="Container" subpackage="Resolver">
          <metrics complexity="8" methods="4" coveredmethods="4" conditionals="0" coveredconditionals="0" statements="13" coveredstatements="13" elements="17" coveredelements="17"/>
        </class>
        <line num="36" type="method" name="__construct" visibility="public" complexity="1" crap="1" count="15"/>
        <line num="38" type="stmt" count="15"/>
        <line num="39" type="stmt" count="15"/>
        <line num="45" type="method" name="get" visibility="public" complexity="3" crap="3" count="3"/>
        <line num="48" type="stmt" count="3"/>
        <line num="49" type="stmt" count="2"/>
        <line num="50" type="stmt" count="1"/>
        <line num="51" type="stmt" count="1"/>
        <line num="52" type="stmt" count="1"/>
        <line num="60" type="method" name="has" visibility="public" complexity="1" crap="1" count="1"/>
        <line num="62" type="stmt" count="1"/>
        <line num="69" type="method" name="resolve" visibility="public" complexity="3" crap="3" count="11"/>
        <line num="72" type="stmt" count="11"/>
        <line num="73" type="stmt" count="8"/>
        <line num="74" type="stmt" count="4"/>
        <line num="75" type="stmt" count="4"/>
        <line num="76" type="stmt" count="4"/>
        <metrics loc="80" ncloc="46" classes="1" methods="4" coveredmethods="4" conditionals="0" coveredconditionals="0" statements="13" coveredstatements="13" elements="17" coveredelements="17"/>
      </file>
    </package>
    <file name="C:\xampp\htdocs\dev-master.seeren\container\src/Resolver/ResolverInterface.php">
      <metrics loc="42" ncloc="14" classes="0" methods="0" coveredmethods="0" conditionals="0" coveredconditionals="0" statements="0" coveredstatements="0" elements="0" coveredelements="0"/>
    </file>
    <file name="C:\xampp\htdocs\dev-master.seeren\container\src/Service/ServiceInterface.php">
      <metrics loc="37" ncloc="13" classes="0" methods="0" coveredmethods="0" conditionals="0" coveredconditionals="0" statements="0" coveredstatements="0" elements="0" coveredelements="0"/>
    </file>
    <package name="Seeren\Container\Service">
      <file name="C:\xampp\htdocs\dev-master.seeren\container\src/Service/ServiceProvider.php">
        <class name="Seeren\Container\Service\ServiceProvider" namespace="Seeren\Container\Service" fullPackage="Container.Service" category="Seeren" package="Container" subpackage="Service">
          <metrics complexity="3" methods="2" coveredmethods="2" conditionals="0" coveredconditionals="0" statements="5" coveredstatements="5" elements="7" coveredelements="7"/>
        </class>
        <line num="39" type="method" name="__construct" visibility="protected" complexity="1" crap="1" count="2"/>
        <line num="41" type="stmt" count="2"/>
        <line num="42" type="stmt" count="2"/>
        <line num="48" type="method" name="register" visibility="public" complexity="2" crap="2" count="2"/>
        <line num="50" type="stmt" count="2"/>
        <line num="51" type="stmt" count="2"/>
        <line num="53" type="stmt" count="2"/>
        <metrics loc="56" ncloc="27" classes="1" methods="2" coveredmethods="2" conditionals="0" coveredconditionals="0" statements="5" coveredstatements="5" elements="7" coveredelements="7"/>
      </file>
    </package>
    <metrics files="12" loc="755" ncloc="388" classes="9" methods="23" coveredmethods="23" conditionals="0" coveredconditionals="0" statements="101" coveredstatements="101" elements="124" coveredelements="124"/>
  </project>
</coverage>
